2018-Mar-09 12:02:19.219 INFO  [restartedMain] o.a.c.c.StandardService - Starting service [Tomcat]
2018-Mar-09 12:02:19.219 INFO  [restartedMain] o.a.c.c.StandardEngine - Starting Servlet Engine: Apache Tomcat/8.5.28
2018-Mar-09 12:02:19.224 INFO  [localhost-startStop-1] o.a.c.c.AprLifecycleListener - The APR based Apache Tomcat Native library which allows optimal performance in production environments was not found on the java.library.path: [C:\Program Files\Java\jdk1.8.0_151\bin;C:\Windows\Sun\Java\bin;C:\Windows\system32;C:\Windows;C:/Program Files/Java/jre1.8.0_161/bin/server;C:/Program Files/Java/jre1.8.0_161/bin;C:/Program Files/Java/jre1.8.0_161/lib/amd64;C:\ProgramData\Oracle\Java\javapath;C:\Program Files (x86)\Intel\iCLS Client\;C:\Program Files\Intel\iCLS Client\;C:\Windows\system32;C:\Windows;C:\Windows\System32\Wbem;C:\Windows\System32\WindowsPowerShell\v1.0\;C:\Program Files (x86)\Intel\Intel(R) Management Engine Components\DAL;C:\Program Files\Intel\Intel(R) Management Engine Components\DAL;C:\Program Files (x86)\Intel\Intel(R) Management Engine Components\IPT;C:\Program Files\Intel\Intel(R) Management Engine Components\IPT;C:\Program Files (x86)\PuTTY\;C:\Program Files\Intel\WiFi\bin\;C:\Program Files\Common Files\Intel\WirelessCommon\;C:\Program Files (x86)\nodejs\;C:\Program Files (x86)\Windows Kits\10\Windows Performance Toolkit\;C:\Program Files (x86)\Microsoft SQL Server\Client SDK\ODBC\130\Tools\Binn\;C:\Program Files (x86)\Microsoft SQL Server\130\Tools\Binn\;C:\Program Files (x86)\Microsoft SQL Server\130\DTS\Binn\;C:\Program Files (x86)\Microsoft SQL Server\130\Tools\Binn\ManagementStudio\;C:\Program Files\TortoiseSVN\bin;C:\Program Files\dotnet\;C:\ADLA\Sonar_Qube_Configuration\sonar-scanner-msbuild-3.0.0.629;C:\Program Files (x86)\Microsoft Team Foundation Server 2015 Power Tools\;C:\Program Files\Java\jdk1.8.0_151\bin;C:\ADLA\Java_Preparation\apache-maven-3.5.2-bin\apache-maven-3.5.2\bin;C:\ADLA\Java_Preparation\gradle-4.3.1\bin;C:\ADLA\APK_file;C:\Program Files\Microsoft SQL Server\Client SDK\ODBC\110\Tools\Binn\;C:\Program Files (x86)\Microsoft SQL Server\120\Tools\Binn\ManagementStudio\;C:\Program Files (x86)\Microsoft SQL Server\120\Tools\Binn\;C:\Program Files\Microsoft SQL Server\120\Tools\Binn\;C:\Program Files (x86)\Microsoft SQL Server\120\DTS\Binn\;C:\Program Files\Microsoft SQL Server\120\DTS\Binn\;%NVM_HOME%;%NVM_SYMLINK%;C:\Program Files\nodejs\;C:\Program Files\Git\cmd;;C:\Program Files (x86)\Microsoft VS Code\bin;C:\Users\anji.r\AppData\Roaming\nvm;C:\Program Files\nodejs;C:\Users\anji.r\AppData\Roaming\npm;C:\Users\anji.r\Desktop;;.]
2018-Mar-09 12:02:19.295 INFO  [localhost-startStop-1] o.a.c.c.C.[.[.[/] - Initializing Spring embedded WebApplicationContext
2018-Mar-09 12:02:21.140 INFO  [restartedMain] o.a.c.c.StandardService - Starting service [Tomcat]
2018-Mar-09 12:02:21.140 INFO  [restartedMain] o.a.c.c.StandardEngine - Starting Servlet Engine: Apache Tomcat/8.5.28
2018-Mar-09 12:02:21.156 INFO  [localhost-startStop-1] o.a.c.c.C.[.[.[/] - Initializing Spring embedded WebApplicationContext
2018-Mar-09 12:02:37.741 INFO  [http-nio-8080-exec-1] o.a.c.c.C.[.[.[/] - Initializing Spring FrameworkServlet 'dispatcherServlet'
2018-Mar-09 12:02:37.832 INFO  [http-nio-8080-exec-1] c.z.h.HikariDataSource - HikariPool-1 - Starting...
2018-Mar-09 12:06:15.668 INFO  [restartedMain] o.a.c.c.StandardService - Starting service [Tomcat]
2018-Mar-09 12:06:15.673 INFO  [restartedMain] o.a.c.c.StandardEngine - Starting Servlet Engine: Apache Tomcat/8.5.28
2018-Mar-09 12:06:15.693 INFO  [localhost-startStop-1] o.a.c.c.C.[.[.[/] - Initializing Spring embedded WebApplicationContext
2018-Mar-09 12:06:16.473 INFO  [restartedMain] o.a.c.c.StandardService - Starting service [Tomcat]
2018-Mar-09 12:06:16.473 INFO  [restartedMain] o.a.c.c.StandardEngine - Starting Servlet Engine: Apache Tomcat/8.5.28
2018-Mar-09 12:06:16.489 INFO  [localhost-startStop-1] o.a.c.c.C.[.[.[/] - Initializing Spring embedded WebApplicationContext
2018-Mar-09 12:06:31.190 INFO  [restartedMain] o.a.c.c.StandardService - Starting service [Tomcat]
2018-Mar-09 12:06:31.190 INFO  [restartedMain] o.a.c.c.StandardEngine - Starting Servlet Engine: Apache Tomcat/8.5.28
2018-Mar-09 12:06:31.200 INFO  [localhost-startStop-1] o.a.c.c.C.[.[.[/] - Initializing Spring embedded WebApplicationContext
2018-Mar-09 12:06:31.790 INFO  [restartedMain] o.a.c.c.StandardService - Starting service [Tomcat]
2018-Mar-09 12:06:31.790 INFO  [restartedMain] o.a.c.c.StandardEngine - Starting Servlet Engine: Apache Tomcat/8.5.28
2018-Mar-09 12:06:31.801 INFO  [localhost-startStop-1] o.a.c.c.C.[.[.[/] - Initializing Spring embedded WebApplicationContext
2018-Mar-09 12:06:46.211 INFO  [http-nio-8080-exec-1] o.a.c.c.C.[.[.[/] - Initializing Spring FrameworkServlet 'dispatcherServlet'
2018-Mar-09 12:06:46.226 INFO  [http-nio-8080-exec-1] c.z.h.HikariDataSource - HikariPool-2 - Starting...
2018-Mar-09 12:06:46.490 INFO  [http-nio-8080-exec-1] c.z.h.HikariDataSource - HikariPool-2 - Start completed.
